<?xml version="1.0" encoding="UTF-8"?>
<!-- Generated by org.testng.reporters.JUnitXMLReporter -->
<testsuite hostname="LIN35005591" ignored="0" name="Default test" tests="3" failures="0" timestamp="27 Sep 2017 18:53:31 GMT" time="54.437" errors="0">
  <testcase name="testRewardsTC01" time="7.597" classname="com.flipkart.test.functional.TestHomePageActionsUS03"/>
  <testcase name="testWishListTC02" time="10.144" classname="com.flipkart.test.functional.TestHomePageActionsUS03"/>
  <testcase name="testRevengeTC03" time="8.647" classname="com.flipkart.test.functional.TestHomePageActionsUS03"/>
</testsuite> <!-- Default test -->
