<?xml version="1.0" encoding="UTF-8"?>
<!-- Generated by org.testng.reporters.JUnitXMLReporter -->
<testsuite hostname="user-PC" ignored="0" name="Test" tests="4" failures="0" timestamp="27 Sep 2017 10:14:12 GMT" time="153.438" errors="0">
  <testcase name="testRewardsTC01" time="14.845" classname="com.flipkart.test.functional.TestHomePageActionsUS03"/>
  <testcase name="testWomenFlatsTC01" time="2.238" classname="com.flipkart.test.functional.TestWomenDropdownMenuUS04"/>
  <testcase name="testWishListTC02" time="14.538" classname="com.flipkart.test.functional.TestHomePageActionsUS03"/>
  <testcase name="testRevengeTC03" time="17.103" classname="com.flipkart.test.functional.TestHomePageActionsUS03"/>
</testsuite> <!-- Test -->
