<?xml version="1.0" encoding="UTF-8"?>
<!-- Generated by org.testng.reporters.JUnitXMLReporter -->
<testsuite hostname="user-PC" ignored="0" name="Test" tests="3" failures="0" timestamp="27 Sep 2017 10:15:56 GMT" time="104.154" errors="0">
  <testcase name="testLoginValidTC01" time="12.793" classname="com.flipkart.test.smoke.TestLoginUS01"/>
  <testcase name="testInvalidSignupTc01" time="2.535" classname="com.flipkart.test.smoke.TestSignUpUS02"/>
  <testcase name="testInValidLoginTC02" time="4.591" classname="com.flipkart.test.smoke.TestLoginUS01"/>
</testsuite> <!-- Test -->
