<?xml version="1.0" encoding="UTF-8"?>
<testng-results skipped="0" failed="0" ignored="0" total="7" passed="7">
  <reporter-output>
  </reporter-output>
  <suite name="Suite" duration-ms="153438" started-at="2017-09-27T10:11:39Z" finished-at="2017-09-27T10:14:12Z">
    <groups>
    </groups>
    <test name="Test" duration-ms="153438" started-at="2017-09-27T10:11:39Z" finished-at="2017-09-27T10:14:12Z">
      <class name="com.flipkart.test.functional.TestHomePageActionsUS03">
        <test-method status="PASS" signature="preConditions()[pri:0, instance:com.flipkart.test.functional.TestHomePageActionsUS03@2d45ba]" name="preConditions" is-config="true" duration-ms="26058" started-at="2017-09-27T15:41:39Z" finished-at="2017-09-27T15:42:05Z">
          <reporter-output>
          </reporter-output>
        </test-method> <!-- preConditions -->
        <test-method status="PASS" signature="testRewardsTC01()[pri:-1, instance:com.flipkart.test.functional.TestHomePageActionsUS03@2d45ba]" name="testRewardsTC01" duration-ms="14845" started-at="2017-09-27T15:42:05Z" finished-at="2017-09-27T15:42:20Z">
          <reporter-output>
          </reporter-output>
        </test-method> <!-- testRewardsTC01 -->
        <test-method status="PASS" signature="postCondition()[pri:0, instance:com.flipkart.test.functional.TestHomePageActionsUS03@2d45ba]" name="postCondition" is-config="true" duration-ms="23" started-at="2017-09-27T15:42:20Z" finished-at="2017-09-27T15:42:20Z">
          <reporter-output>
          </reporter-output>
        </test-method> <!-- postCondition -->
        <test-method status="PASS" signature="preConditions()[pri:0, instance:com.flipkart.test.functional.TestHomePageActionsUS03@2d45ba]" name="preConditions" is-config="true" duration-ms="28195" started-at="2017-09-27T15:42:50Z" finished-at="2017-09-27T15:43:18Z">
          <reporter-output>
          </reporter-output>
        </test-method> <!-- preConditions -->
        <test-method status="PASS" signature="testWishListTC02()[pri:0, instance:com.flipkart.test.functional.TestHomePageActionsUS03@2d45ba]" name="testWishListTC02" duration-ms="14538" started-at="2017-09-27T15:43:18Z" finished-at="2017-09-27T15:43:33Z">
          <reporter-output>
          </reporter-output>
        </test-method> <!-- testWishListTC02 -->
        <test-method status="PASS" signature="postCondition()[pri:0, instance:com.flipkart.test.functional.TestHomePageActionsUS03@2d45ba]" name="postCondition" is-config="true" duration-ms="19" started-at="2017-09-27T15:43:33Z" finished-at="2017-09-27T15:43:33Z">
          <reporter-output>
          </reporter-output>
        </test-method> <!-- postCondition -->
        <test-method status="PASS" signature="preConditions()[pri:0, instance:com.flipkart.test.functional.TestHomePageActionsUS03@2d45ba]" name="preConditions" is-config="true" duration-ms="22409" started-at="2017-09-27T15:43:33Z" finished-at="2017-09-27T15:43:55Z">
          <reporter-output>
          </reporter-output>
        </test-method> <!-- preConditions -->
        <test-method status="PASS" signature="testRevengeTC03()[pri:1, instance:com.flipkart.test.functional.TestHomePageActionsUS03@2d45ba]" name="testRevengeTC03" duration-ms="17103" started-at="2017-09-27T15:43:55Z" finished-at="2017-09-27T15:44:12Z">
          <reporter-output>
          </reporter-output>
        </test-method> <!-- testRevengeTC03 -->
        <test-method status="PASS" signature="postCondition()[pri:0, instance:com.flipkart.test.functional.TestHomePageActionsUS03@2d45ba]" name="postCondition" is-config="true" duration-ms="31" started-at="2017-09-27T15:44:12Z" finished-at="2017-09-27T15:44:12Z">
          <reporter-output>
          </reporter-output>
        </test-method> <!-- postCondition -->
      </class> <!-- com.flipkart.test.functional.TestHomePageActionsUS03 -->
      <class name="com.flipkart.test.functional.TestWomenDropdownMenuUS04">
        <test-method status="PASS" signature="preConditions()[pri:0, instance:com.flipkart.test.functional.TestWomenDropdownMenuUS04@16905e]" name="preConditions" is-config="true" duration-ms="25715" started-at="2017-09-27T15:42:20Z" finished-at="2017-09-27T15:42:45Z">
          <reporter-output>
          </reporter-output>
        </test-method> <!-- preConditions -->
        <test-method status="PASS" signature="testWomenFlatsTC01()[pri:0, instance:com.flipkart.test.functional.TestWomenDropdownMenuUS04@16905e]" name="testWomenFlatsTC01" duration-ms="2238" started-at="2017-09-27T15:42:45Z" finished-at="2017-09-27T15:42:48Z">
          <reporter-output>
          </reporter-output>
        </test-method> <!-- testWomenFlatsTC01 -->
        <test-method status="PASS" signature="postCondition()[pri:0, instance:com.flipkart.test.functional.TestWomenDropdownMenuUS04@16905e]" name="postCondition" is-config="true" duration-ms="2220" started-at="2017-09-27T15:42:48Z" finished-at="2017-09-27T15:42:50Z">
          <reporter-output>
          </reporter-output>
        </test-method> <!-- postCondition -->
      </class> <!-- com.flipkart.test.functional.TestWomenDropdownMenuUS04 -->
    </test> <!-- Test -->
  </suite> <!-- Suite -->
  <suite name="Suite (0)" duration-ms="104154" started-at="2017-09-27T10:14:12Z" finished-at="2017-09-27T10:15:56Z">
    <groups>
    </groups>
    <test name="Test" duration-ms="104154" started-at="2017-09-27T10:14:12Z" finished-at="2017-09-27T10:15:56Z">
      <class name="com.flipkart.test.smoke.TestSignUpUS02">
        <test-method status="PASS" signature="preCondition()[pri:0, instance:com.flipkart.test.smoke.TestSignUpUS02@101b7af]" name="preCondition" is-config="true" duration-ms="23241" started-at="2017-09-27T15:45:01Z" finished-at="2017-09-27T15:45:24Z">
          <reporter-output>
          </reporter-output>
        </test-method> <!-- preCondition -->
        <test-method status="PASS" signature="testInvalidSignupTc01()[pri:0, instance:com.flipkart.test.smoke.TestSignUpUS02@101b7af]" name="testInvalidSignupTc01" duration-ms="2535" started-at="2017-09-27T15:45:24Z" finished-at="2017-09-27T15:45:26Z">
          <reporter-output>
          </reporter-output>
        </test-method> <!-- testInvalidSignupTc01 -->
        <test-method status="PASS" signature="postCondition()[pri:0, instance:com.flipkart.test.smoke.TestSignUpUS02@101b7af]" name="postCondition" is-config="true" duration-ms="23" started-at="2017-09-27T15:45:26Z" finished-at="2017-09-27T15:45:26Z">
          <reporter-output>
          </reporter-output>
        </test-method> <!-- postCondition -->
      </class> <!-- com.flipkart.test.smoke.TestSignUpUS02 -->
      <class name="com.flipkart.test.smoke.TestLoginUS01">
        <test-method status="PASS" signature="preCondition()[pri:0, instance:com.flipkart.test.smoke.TestLoginUS01@d25987]" name="preCondition" is-config="true" duration-ms="25495" started-at="2017-09-27T15:44:12Z" finished-at="2017-09-27T15:44:38Z">
          <reporter-output>
          </reporter-output>
        </test-method> <!-- preCondition -->
        <test-method status="PASS" signature="testLoginValidTC01()[pri:0, instance:com.flipkart.test.smoke.TestLoginUS01@d25987]" name="testLoginValidTC01" duration-ms="12793" started-at="2017-09-27T15:44:38Z" finished-at="2017-09-27T15:44:51Z">
          <reporter-output>
          </reporter-output>
        </test-method> <!-- testLoginValidTC01 -->
        <test-method status="PASS" signature="postCondition()[pri:0, instance:com.flipkart.test.smoke.TestLoginUS01@d25987]" name="postCondition" is-config="true" duration-ms="10070" started-at="2017-09-27T15:44:51Z" finished-at="2017-09-27T15:45:01Z">
          <reporter-output>
          </reporter-output>
        </test-method> <!-- postCondition -->
        <test-method status="PASS" signature="preCondition()[pri:0, instance:com.flipkart.test.smoke.TestLoginUS01@d25987]" name="preCondition" is-config="true" duration-ms="25383" started-at="2017-09-27T15:45:26Z" finished-at="2017-09-27T15:45:52Z">
          <reporter-output>
          </reporter-output>
        </test-method> <!-- preCondition -->
        <test-method status="PASS" signature="testInValidLoginTC02()[pri:1, instance:com.flipkart.test.smoke.TestLoginUS01@d25987]" name="testInValidLoginTC02" duration-ms="4591" started-at="2017-09-27T15:45:52Z" finished-at="2017-09-27T15:45:56Z">
          <reporter-output>
          </reporter-output>
        </test-method> <!-- testInValidLoginTC02 -->
        <test-method status="PASS" signature="postCondition()[pri:0, instance:com.flipkart.test.smoke.TestLoginUS01@d25987]" name="postCondition" is-config="true" duration-ms="13" started-at="2017-09-27T15:45:56Z" finished-at="2017-09-27T15:45:56Z">
          <reporter-output>
          </reporter-output>
        </test-method> <!-- postCondition -->
      </class> <!-- com.flipkart.test.smoke.TestLoginUS01 -->
    </test> <!-- Test -->
  </suite> <!-- Suite (0) -->
</testng-results>
