<?xml version="1.0" encoding="UTF-8"?>
<testng-results skipped="0" failed="0" ignored="0" total="3" passed="3">
  <reporter-output>
  </reporter-output>
  <suite name="Default suite" duration-ms="54437" started-at="2017-09-27T18:52:37Z" finished-at="2017-09-27T18:53:31Z">
    <groups>
    </groups>
    <test name="Default test" duration-ms="54437" started-at="2017-09-27T18:52:37Z" finished-at="2017-09-27T18:53:31Z">
      <class name="com.flipkart.test.functional.TestHomePageActionsUS03">
        <test-method status="PASS" signature="preConditions()[pri:0, instance:com.flipkart.test.functional.TestHomePageActionsUS03@548a9f61]" name="preConditions" is-config="true" duration-ms="9306" started-at="2017-09-28T00:22:37Z" finished-at="2017-09-28T00:22:46Z">
          <reporter-output>
          </reporter-output>
        </test-method> <!-- preConditions -->
        <test-method status="PASS" signature="testRewardsTC01()[pri:-1, instance:com.flipkart.test.functional.TestHomePageActionsUS03@548a9f61]" name="testRewardsTC01" duration-ms="7597" started-at="2017-09-28T00:22:46Z" finished-at="2017-09-28T00:22:54Z">
          <reporter-output>
          </reporter-output>
        </test-method> <!-- testRewardsTC01 -->
        <test-method status="PASS" signature="postCondition()[pri:0, instance:com.flipkart.test.functional.TestHomePageActionsUS03@548a9f61]" name="postCondition" is-config="true" duration-ms="20" started-at="2017-09-28T00:22:54Z" finished-at="2017-09-28T00:22:54Z">
          <reporter-output>
          </reporter-output>
        </test-method> <!-- postCondition -->
        <test-method status="PASS" signature="preConditions()[pri:0, instance:com.flipkart.test.functional.TestHomePageActionsUS03@548a9f61]" name="preConditions" is-config="true" duration-ms="10221" started-at="2017-09-28T00:22:54Z" finished-at="2017-09-28T00:23:04Z">
          <reporter-output>
          </reporter-output>
        </test-method> <!-- preConditions -->
        <test-method status="PASS" signature="testWishListTC02()[pri:0, instance:com.flipkart.test.functional.TestHomePageActionsUS03@548a9f61]" name="testWishListTC02" duration-ms="10144" started-at="2017-09-28T00:23:04Z" finished-at="2017-09-28T00:23:14Z">
          <reporter-output>
          </reporter-output>
        </test-method> <!-- testWishListTC02 -->
        <test-method status="PASS" signature="postCondition()[pri:0, instance:com.flipkart.test.functional.TestHomePageActionsUS03@548a9f61]" name="postCondition" is-config="true" duration-ms="17" started-at="2017-09-28T00:23:14Z" finished-at="2017-09-28T00:23:14Z">
          <reporter-output>
          </reporter-output>
        </test-method> <!-- postCondition -->
        <test-method status="PASS" signature="preConditions()[pri:0, instance:com.flipkart.test.functional.TestHomePageActionsUS03@548a9f61]" name="preConditions" is-config="true" duration-ms="8451" started-at="2017-09-28T00:23:14Z" finished-at="2017-09-28T00:23:23Z">
          <reporter-output>
          </reporter-output>
        </test-method> <!-- preConditions -->
        <test-method status="PASS" signature="testRevengeTC03()[pri:1, instance:com.flipkart.test.functional.TestHomePageActionsUS03@548a9f61]" name="testRevengeTC03" duration-ms="8647" started-at="2017-09-28T00:23:23Z" finished-at="2017-09-28T00:23:31Z">
          <reporter-output>
          </reporter-output>
        </test-method> <!-- testRevengeTC03 -->
        <test-method status="PASS" signature="postCondition()[pri:0, instance:com.flipkart.test.functional.TestHomePageActionsUS03@548a9f61]" name="postCondition" is-config="true" duration-ms="13" started-at="2017-09-28T00:23:31Z" finished-at="2017-09-28T00:23:31Z">
          <reporter-output>
          </reporter-output>
        </test-method> <!-- postCondition -->
      </class> <!-- com.flipkart.test.functional.TestHomePageActionsUS03 -->
    </test> <!-- Default test -->
  </suite> <!-- Default suite -->
</testng-results>
